<?xml version="1.0" encoding="UTF-8"?>
<!-- Generated by org.testng.reporters.JUnitXMLReporter -->
<testsuite hostname="PC316048" ignored="2" name="testngTest" tests="2" failures="2" timestamp="17 Aug 2018 13:34:45 GMT" time="10.908" errors="0">
  <testcase name="alphonsoLogin" time="0.614" classname="com.alphonso.tests.AlphonsoLogin">
    <failure type="java.lang.NullPointerException">
      <![CDATA[java.lang.NullPointerException
at com.alphonso.tests.AlphonsoLogin.alphonsoLogin(AlphonsoLogin.java:16)
... Removed 25 stack frames]]>
    </failure>
  </testcase> <!-- alphonsoLogin -->
  <testcase name="alphonsoSearch" time="10.144" classname="com.alphonso.tests.SearchForAsset">
    <failure type="org.openqa.selenium.NoSuchElementException" message="Unable to locate element: //span[.=&amp;apos;VOD Asset Search&amp;apos;]
For documentation on this error, please visit: http://seleniumhq.org/exceptions/no_such_element.html
Build info: version: &amp;apos;3.12.0&amp;apos;, revision: &amp;apos;7c6e0b3&amp;apos;, time: &amp;apos;2018-05-08T15:15:08.936Z&amp;apos;
System info: host: &amp;apos;PC316048&amp;apos;, ip: &amp;apos;10.249.83.224&amp;apos;, os.name: &amp;apos;Windows 10&amp;apos;, os.arch: &amp;apos;amd64&amp;apos;, os.version: &amp;apos;10.0&amp;apos;, java.version: &amp;apos;1.8.0_121&amp;apos;
Driver info: org.openqa.selenium.firefox.FirefoxDriver
Capabilities {acceptInsecureCerts: true, browserName: firefox, browserVersion: 57.0.4, javascriptEnabled: true, moz:accessibilityChecks: false, moz:headless: false, moz:processID: 12828, moz:profile: C:\Users\568673\AppData\Loc..., moz:webdriverClick: false, pageLoadStrategy: normal, platform: XP, platformName: XP, platformVersion: 10.0, rotatable: false, timeouts: {implicit: 0, pageLoad: 300000, script: 30000}}
Session ID: 81711a34-0cc6-4597-b155-ff0efce2df4c
*** Element info: {Using=xpath, value=//span[.=&amp;apos;VOD Asset Search&amp;apos;]}">
      <![CDATA[org.openqa.selenium.NoSuchElementException: Unable to locate element: //span[.='VOD Asset Search']
For documentation on this error, please visit: http://seleniumhq.org/exceptions/no_such_element.html
Build info: version: '3.12.0', revision: '7c6e0b3', time: '2018-05-08T15:15:08.936Z'
System info: host: 'PC316048', ip: '10.249.83.224', os.name: 'Windows 10', os.arch: 'amd64', os.version: '10.0', java.version: '1.8.0_121'
Driver info: org.openqa.selenium.firefox.FirefoxDriver
Capabilities {acceptInsecureCerts: true, browserName: firefox, browserVersion: 57.0.4, javascriptEnabled: true, moz:accessibilityChecks: false, moz:headless: false, moz:processID: 12828, moz:profile: C:\Users\568673\AppData\Loc..., moz:webdriverClick: false, pageLoadStrategy: normal, platform: XP, platformName: XP, platformVersion: 10.0, rotatable: false, timeouts: {implicit: 0, pageLoad: 300000, script: 30000}}
Session ID: 81711a34-0cc6-4597-b155-ff0efce2df4c
*** Element info: {Using=xpath, value=//span[.='VOD Asset Search']}
at org.openqa.selenium.remote.http.W3CHttpResponseCodec.createException(W3CHttpResponseCodec.java:187)
at org.openqa.selenium.remote.http.W3CHttpResponseCodec.decode(W3CHttpResponseCodec.java:122)
at org.openqa.selenium.remote.http.W3CHttpResponseCodec.decode(W3CHttpResponseCodec.java:49)
at org.openqa.selenium.remote.HttpCommandExecutor.execute(HttpCommandExecutor.java:158)
at org.openqa.selenium.remote.service.DriverCommandExecutor.execute(DriverCommandExecutor.java:83)
at org.openqa.selenium.remote.RemoteWebDriver.execute(RemoteWebDriver.java:543)
at org.openqa.selenium.remote.RemoteWebDriver.findElement(RemoteWebDriver.java:317)
at org.openqa.selenium.remote.RemoteWebDriver.findElementByXPath(RemoteWebDriver.java:419)
at org.openqa.selenium.By$ByXPath.findElement(By.java:353)
at org.openqa.selenium.remote.RemoteWebDriver.findElement(RemoteWebDriver.java:309)
at org.openqa.selenium.support.pagefactory.DefaultElementLocator.findElement(DefaultElementLocator.java:69)
at org.openqa.selenium.support.pagefactory.internal.LocatingElementHandler.invoke(LocatingElementHandler.java:38)
at com.sun.proxy.$Proxy9.click(Unknown Source)
at com.alphonso.pages.AssetSearchPage.clickOnSearch(AssetSearchPage.java:59)
at com.alphonso.generic.ExcelData.assetSearch(ExcelData.java:27)
at com.alphonso.tests.SearchForAsset.alphonsoSearch(SearchForAsset.java:21)
... Removed 29 stack frames]]>
    </failure>
  </testcase> <!-- alphonsoSearch -->
  <testcase name="@AfterSuite postcondition" time="0.0" classname="com.alphonso.generic.BaseTest">
    <ignored/>
  </testcase> <!-- @AfterSuite postcondition -->
  <testcase name="@BeforeSuite precondition" time="0.0" classname="com.alphonso.generic.BaseTest">
    <ignored/>
  </testcase> <!-- @BeforeSuite precondition -->
</testsuite> <!-- testngTest -->
